<?xml version="1.0" encoding="UTF-8"?>
<testng-results ignored="0" total="1" passed="1" failed="0" skipped="0">
  <reporter-output>
  </reporter-output>
  <suite started-at="2023-10-15T20:35:54 IST" name="Default suite" finished-at="2023-10-15T20:36:04 IST" duration-ms="10545">
    <groups>
    </groups>
    <test started-at="2023-10-15T20:35:54 IST" name="Default test" finished-at="2023-10-15T20:36:04 IST" duration-ms="10545">
      <class name="Assignments.Assign3_2">
        <test-method is-config="true" signature="openBrowser()[pri:0, instance:Assignments.Assign3_2@75d4a5c2]" started-at="2023-10-15T20:35:54 IST" name="openBrowser" finished-at="2023-10-15T20:36:00 IST" duration-ms="6044" status="PASS">
          <reporter-output>
          </reporter-output>
        </test-method> <!-- openBrowser -->
        <test-method signature="login()[pri:0, instance:Assignments.Assign3_2@75d4a5c2]" started-at="2023-10-15T20:36:00 IST" name="login" finished-at="2023-10-15T20:36:04 IST" duration-ms="4215" status="PASS">
          <reporter-output>
          </reporter-output>
        </test-method> <!-- login -->
        <test-method is-config="true" signature="close()[pri:0, instance:Assignments.Assign3_2@75d4a5c2]" started-at="2023-10-15T20:36:04 IST" name="close" finished-at="2023-10-15T20:36:04 IST" duration-ms="249" status="PASS">
          <reporter-output>
          </reporter-output>
        </test-method> <!-- close -->
      </class> <!-- Assignments.Assign3_2 -->
    </test> <!-- Default test -->
  </suite> <!-- Default suite -->
</testng-results>
