<?xml version="1.0" encoding="UTF-8"?>
<testng-results ignored="0" total="2" passed="1" failed="1" skipped="0">
  <reporter-output>
  </reporter-output>
  <suite started-at="2023-07-17T10:54:40 IST" name="Default suite" finished-at="2023-07-17T10:55:13 IST" duration-ms="33198">
    <groups>
      <group name="Smoke Test">
        <method signature="Assign3_3.form()[pri:0, instance:assign_1.Assign3_3@206a70ef]" name="form" class="assign_1.Assign3_3"/>
      </group> <!-- Smoke Test -->
      <group name="Regression">
        <method signature="Assign3_3.formFilling()[pri:0, instance:assign_1.Assign3_3@206a70ef]" name="formFilling" class="assign_1.Assign3_3"/>
      </group> <!-- Regression -->
    </groups>
    <test started-at="2023-07-17T10:54:40 IST" name="Default test" finished-at="2023-07-17T10:55:13 IST" duration-ms="33198">
      <class name="assign_1.Assign3_3">
        <test-method is-config="true" signature="openBrowser()[pri:0, instance:assign_1.Assign3_3@206a70ef]" started-at="2023-07-17T10:54:40 IST" name="openBrowser" finished-at="2023-07-17T10:54:55 IST" duration-ms="15298" status="PASS">
          <reporter-output>
          </reporter-output>
        </test-method> <!-- openBrowser -->
        <test-method signature="form()[pri:0, instance:assign_1.Assign3_3@206a70ef]" started-at="2023-07-17T10:54:55 IST" name="form" finished-at="2023-07-17T10:54:59 IST" duration-ms="4231" status="PASS">
          <reporter-output>
          </reporter-output>
        </test-method> <!-- form -->
        <test-method is-config="true" signature="openBrowser()[pri:0, instance:assign_1.Assign3_3@206a70ef]" started-at="2023-07-17T10:54:59 IST" name="openBrowser" finished-at="2023-07-17T10:55:08 IST" duration-ms="8931" status="PASS">
          <reporter-output>
          </reporter-output>
        </test-method> <!-- openBrowser -->
        <test-method signature="formFilling()[pri:0, instance:assign_1.Assign3_3@206a70ef]" started-at="2023-07-17T10:55:08 IST" name="formFilling" finished-at="2023-07-17T10:55:13 IST" duration-ms="4692" status="FAIL">
          <exception class="org.openqa.selenium.support.ui.UnexpectedTagNameException">
            <message>
              <![CDATA[Element should have been "select" but was "div"
Build info: version: '4.10.0', revision: 'c14d967899'
System info: os.name: 'Windows 11', os.arch: 'amd64', os.version: '10.0', java.version: '20.0.1'
Driver info: driver.version: unknown]]>
            </message>
            <full-stacktrace>
              <![CDATA[org.openqa.selenium.support.ui.UnexpectedTagNameException: Element should have been "select" but was "div"
Build info: version: '4.10.0', revision: 'c14d967899'
System info: os.name: 'Windows 11', os.arch: 'amd64', os.version: '10.0', java.version: '20.0.1'
Driver info: driver.version: unknown
at org.openqa.selenium.support.ui.Select.<init>(Select.java:46)
at assign_1.Assign3_3.formFilling(Assign3_3.java:65)
at java.base/jdk.internal.reflect.DirectMethodHandleAccessor.invoke(DirectMethodHandleAccessor.java:104)
at java.base/java.lang.reflect.Method.invoke(Method.java:578)
at org.testng.internal.invokers.MethodInvocationHelper.invokeMethod(MethodInvocationHelper.java:139)
at org.testng.internal.invokers.TestInvoker.invokeMethod(TestInvoker.java:664)
at org.testng.internal.invokers.TestInvoker.invokeTestMethod(TestInvoker.java:227)
at org.testng.internal.invokers.MethodRunner.runInSequence(MethodRunner.java:50)
at org.testng.internal.invokers.TestInvoker$MethodInvocationAgent.invoke(TestInvoker.java:957)
at org.testng.internal.invokers.TestInvoker.invokeTestMethods(TestInvoker.java:200)
at org.testng.internal.invokers.TestMethodWorker.invokeTestMethods(TestMethodWorker.java:148)
at org.testng.internal.invokers.TestMethodWorker.run(TestMethodWorker.java:128)
at java.base/java.util.ArrayList.forEach(ArrayList.java:1511)
at org.testng.TestRunner.privateRun(TestRunner.java:848)
at org.testng.TestRunner.run(TestRunner.java:621)
at org.testng.SuiteRunner.runTest(SuiteRunner.java:443)
at org.testng.SuiteRunner.runSequentially(SuiteRunner.java:437)
at org.testng.SuiteRunner.privateRun(SuiteRunner.java:397)
at org.testng.SuiteRunner.run(SuiteRunner.java:336)
at org.testng.SuiteRunnerWorker.runSuite(SuiteRunnerWorker.java:52)
at org.testng.SuiteRunnerWorker.run(SuiteRunnerWorker.java:95)
at org.testng.TestNG.runSuitesSequentially(TestNG.java:1280)
at org.testng.TestNG.runSuitesLocally(TestNG.java:1200)
at org.testng.TestNG.runSuites(TestNG.java:1114)
at org.testng.TestNG.run(TestNG.java:1082)
at org.testng.remote.AbstractRemoteTestNG.run(AbstractRemoteTestNG.java:115)
at org.testng.remote.RemoteTestNG.initAndRun(RemoteTestNG.java:251)
at org.testng.remote.RemoteTestNG.main(RemoteTestNG.java:77)
]]>
            </full-stacktrace>
          </exception> <!-- org.openqa.selenium.support.ui.UnexpectedTagNameException -->
          <reporter-output>
          </reporter-output>
        </test-method> <!-- formFilling -->
      </class> <!-- assign_1.Assign3_3 -->
    </test> <!-- Default test -->
  </suite> <!-- Default suite -->
</testng-results>
