<?xml version="1.0" encoding="UTF-8"?>
<testng-results ignored="0" total="2" passed="2" failed="0" skipped="0">
  <reporter-output>
  </reporter-output>
  <suite started-at="2023-07-12T11:12:22Z" name="Default suite" finished-at="2023-07-12T11:13:21Z" duration-ms="58574">
    <groups>
    </groups>
    <test started-at="2023-07-12T11:12:22Z" name="Default test" finished-at="2023-07-12T11:13:21Z" duration-ms="58574">
      <class name="Inlink.CompanyProfile_Details">
        <test-method is-config="true" signature="inlink()[pri:0, instance:Inlink.CompanyProfile_Details@700fb871]" started-at="2023-07-12T16:42:22Z" name="inlink" finished-at="2023-07-12T16:42:40Z" duration-ms="17814" status="PASS">
          <reporter-output>
          </reporter-output>
        </test-method> <!-- inlink -->
        <test-method signature="login()[pri:0, instance:Inlink.CompanyProfile_Details@700fb871]" started-at="2023-07-12T16:42:40Z" name="login" finished-at="2023-07-12T16:42:50Z" duration-ms="10014" status="PASS">
          <reporter-output>
          </reporter-output>
        </test-method> <!-- login -->
        <test-method signature="companyProfileDetails()[pri:0, instance:Inlink.CompanyProfile_Details@700fb871]" started-at="2023-07-12T16:42:50Z" name="companyProfileDetails" finished-at="2023-07-12T16:43:21Z" duration-ms="30730" status="PASS">
          <reporter-output>
          </reporter-output>
        </test-method> <!-- companyProfileDetails -->
      </class> <!-- Inlink.CompanyProfile_Details -->
    </test> <!-- Default test -->
  </suite> <!-- Default suite -->
</testng-results>
