<?xml version="1.0" encoding="UTF-8"?>
<testng-results ignored="0" total="2" passed="2" failed="0" skipped="0">
  <reporter-output>
  </reporter-output>
  <suite started-at="2023-10-30T07:24:26Z" name="Default suite" finished-at="2023-10-30T07:25:22Z" duration-ms="55926">
    <groups>
    </groups>
    <test started-at="2023-10-30T07:24:26Z" name="Default test" finished-at="2023-10-30T07:25:22Z" duration-ms="55926">
      <class name="Inlink.Networks">
        <test-method is-config="true" signature="inlink()[pri:0, instance:Inlink.Networks@3aa078fd]" started-at="2023-10-30T12:54:26Z" name="inlink" finished-at="2023-10-30T12:54:41Z" duration-ms="14783" status="PASS">
          <reporter-output>
          </reporter-output>
        </test-method> <!-- inlink -->
        <test-method signature="login()[pri:0, instance:Inlink.Networks@3aa078fd]" started-at="2023-10-30T12:54:41Z" name="login" finished-at="2023-10-30T12:54:51Z" duration-ms="10020" status="PASS">
          <reporter-output>
          </reporter-output>
        </test-method> <!-- login -->
        <test-method signature="networks()[pri:0, instance:Inlink.Networks@3aa078fd]" started-at="2023-10-30T12:54:51Z" name="networks" finished-at="2023-10-30T12:55:22Z" duration-ms="30986" status="PASS">
          <reporter-output>
          </reporter-output>
        </test-method> <!-- networks -->
      </class> <!-- Inlink.Networks -->
    </test> <!-- Default test -->
  </suite> <!-- Default suite -->
</testng-results>
